2022-05-25 16:20:10.332  INFO 24440 --- [main] com.example.demo.DemoApplication         : Starting DemoApplication using Java 15.0.2 on BRILAP2927 with PID 24440 (C:\Users\dharmendra.sharma\OneDrive - Brillio\Documents\LoggingDemo\LogsDemo\demo\build\classes\java\main started by Dharmendra.Sharma in C:\Users\dharmendra.sharma\OneDrive - Brillio\Documents\LoggingDemo\LogsDemo\demo)
2022-05-25 16:20:10.338  INFO 24440 --- [main] com.example.demo.DemoApplication         : No active profile set, falling back to 1 default profile: "default"
2022-05-25 16:20:12.109  INFO 24440 --- [main] o.s.b.w.embedded.tomcat.TomcatWebServer  : Tomcat initialized with port(s): 9090 (http)
2022-05-25 16:20:12.132  INFO 24440 --- [main] o.apache.catalina.core.StandardService   : Starting service [Tomcat]
2022-05-25 16:20:12.133  INFO 24440 --- [main] org.apache.catalina.core.StandardEngine  : Starting Servlet engine: [Apache Tomcat/9.0.63]
2022-05-25 16:20:12.338  INFO 24440 --- [main] o.a.c.c.C.[Tomcat].[localhost].[/]       : Initializing Spring embedded WebApplicationContext
2022-05-25 16:20:12.338  INFO 24440 --- [main] w.s.c.ServletWebServerApplicationContext : Root WebApplicationContext: initialization completed in 1906 ms
2022-05-25 16:20:12.995  INFO 24440 --- [main] o.s.b.w.embedded.tomcat.TomcatWebServer  : Tomcat started on port(s): 9090 (http) with context path ''
2022-05-25 16:20:13.020  INFO 24440 --- [main] com.example.demo.DemoApplication         : Started DemoApplication in 3.382 seconds (JVM running for 3.954)
2022-05-25 16:20:45.059  INFO 24440 --- [http-nio-9090-exec-2] o.a.c.c.C.[Tomcat].[localhost].[/]       : Initializing Spring DispatcherServlet 'dispatcherServlet'
2022-05-25 16:20:45.060  INFO 24440 --- [http-nio-9090-exec-2] o.s.web.servlet.DispatcherServlet        : Initializing Servlet 'dispatcherServlet'
2022-05-25 16:20:45.064  INFO 24440 --- [http-nio-9090-exec-2] o.s.web.servlet.DispatcherServlet        : Completed initialization in 3 ms
2022-05-25 16:20:45.189 TRACE 24440 --- [http-nio-9090-exec-2] c.e.demo.controller.LoggingController    : This is a TRACE message.
2022-05-25 16:20:45.191 DEBUG 24440 --- [http-nio-9090-exec-2] c.e.demo.controller.LoggingController    : This is a DEBUG message.
2022-05-25 16:20:45.192  INFO 24440 --- [http-nio-9090-exec-2] c.e.demo.controller.LoggingController    : This is an INFO message.
2022-05-25 16:20:45.193  WARN 24440 --- [http-nio-9090-exec-2] c.e.demo.controller.LoggingController    : This is a WARN message.
2022-05-25 16:20:45.195 ERROR 24440 --- [http-nio-9090-exec-2] c.e.demo.controller.LoggingController    : You guessed it, an ERROR message.
2022-05-25 16:24:57.642  INFO 16284 --- [main] com.example.demo.DemoApplication         : Starting DemoApplication using Java 15.0.2 on BRILAP2927 with PID 16284 (C:\Users\dharmendra.sharma\OneDrive - Brillio\Documents\LoggingDemo\LogsDemo\demo\build\classes\java\main started by Dharmendra.Sharma in C:\Users\dharmendra.sharma\OneDrive - Brillio\Documents\LoggingDemo\LogsDemo\demo)
2022-05-25 16:24:57.665  INFO 16284 --- [main] com.example.demo.DemoApplication         : No active profile set, falling back to 1 default profile: "default"
2022-05-25 16:25:03.663  INFO 16284 --- [main] o.s.b.w.embedded.tomcat.TomcatWebServer  : Tomcat initialized with port(s): 9090 (http)
2022-05-25 16:25:03.722  INFO 16284 --- [main] o.apache.catalina.core.StandardService   : Starting service [Tomcat]
2022-05-25 16:25:03.724  INFO 16284 --- [main] org.apache.catalina.core.StandardEngine  : Starting Servlet engine: [Apache Tomcat/9.0.63]
2022-05-25 16:25:04.367  INFO 16284 --- [main] o.a.c.c.C.[Tomcat].[localhost].[/]       : Initializing Spring embedded WebApplicationContext
2022-05-25 16:25:04.368  INFO 16284 --- [main] w.s.c.ServletWebServerApplicationContext : Root WebApplicationContext: initialization completed in 6155 ms
2022-05-25 16:25:06.336  INFO 16284 --- [main] o.s.b.w.embedded.tomcat.TomcatWebServer  : Tomcat started on port(s): 9090 (http) with context path ''
2022-05-25 16:25:06.395  INFO 16284 --- [main] com.example.demo.DemoApplication         : Started DemoApplication in 10.97 seconds (JVM running for 13.149)
2022-05-25 16:25:38.435  INFO 16284 --- [http-nio-9090-exec-1] o.a.c.c.C.[Tomcat].[localhost].[/]       : Initializing Spring DispatcherServlet 'dispatcherServlet'
2022-05-25 16:25:38.443  INFO 16284 --- [http-nio-9090-exec-1] o.s.web.servlet.DispatcherServlet        : Initializing Servlet 'dispatcherServlet'
2022-05-25 16:25:38.449  INFO 16284 --- [http-nio-9090-exec-1] o.s.web.servlet.DispatcherServlet        : Completed initialization in 4 ms
2022-05-25 16:25:38.618 TRACE 16284 --- [http-nio-9090-exec-1] c.e.demo.controller.LoggingController    : This is a TRACE message.
2022-05-25 16:25:38.624 DEBUG 16284 --- [http-nio-9090-exec-1] c.e.demo.controller.LoggingController    : This is a DEBUG message.
2022-05-25 16:25:38.628  INFO 16284 --- [http-nio-9090-exec-1] c.e.demo.controller.LoggingController    : This is an INFO message.
2022-05-25 16:25:38.629  WARN 16284 --- [http-nio-9090-exec-1] c.e.demo.controller.LoggingController    : This is a WARN message.
2022-05-25 16:25:38.632 ERROR 16284 --- [http-nio-9090-exec-1] c.e.demo.controller.LoggingController    : You guessed it, an ERROR message.
2022-05-25 16:25:38.635 ERROR 16284 --- [http-nio-9090-exec-1] c.e.demo.controller.LoggingController    : fatal.
2022-05-25 16:27:19.203  INFO 7740 --- [main] com.example.demo.DemoApplication         : Starting DemoApplication using Java 15.0.2 on BRILAP2927 with PID 7740 (C:\Users\dharmendra.sharma\OneDrive - Brillio\Documents\LoggingDemo\LogsDemo\demo\build\classes\java\main started by Dharmendra.Sharma in C:\Users\dharmendra.sharma\OneDrive - Brillio\Documents\LoggingDemo\LogsDemo\demo)
2022-05-25 16:27:19.207  INFO 7740 --- [main] com.example.demo.DemoApplication         : No active profile set, falling back to 1 default profile: "default"
2022-05-25 16:27:20.989  INFO 7740 --- [main] o.s.b.w.embedded.tomcat.TomcatWebServer  : Tomcat initialized with port(s): 9090 (http)
2022-05-25 16:27:21.016  INFO 7740 --- [main] o.apache.catalina.core.StandardService   : Starting service [Tomcat]
2022-05-25 16:27:21.018  INFO 7740 --- [main] org.apache.catalina.core.StandardEngine  : Starting Servlet engine: [Apache Tomcat/9.0.63]
2022-05-25 16:27:21.311  INFO 7740 --- [main] o.a.c.c.C.[Tomcat].[localhost].[/]       : Initializing Spring embedded WebApplicationContext
2022-05-25 16:27:21.312  INFO 7740 --- [main] w.s.c.ServletWebServerApplicationContext : Root WebApplicationContext: initialization completed in 2013 ms
2022-05-25 16:27:23.918  INFO 7740 --- [main] o.s.b.w.embedded.tomcat.TomcatWebServer  : Tomcat started on port(s): 9090 (http) with context path ''
2022-05-25 16:27:24.042  INFO 7740 --- [main] com.example.demo.DemoApplication         : Started DemoApplication in 5.543 seconds (JVM running for 6.109)
2022-05-25 16:27:28.730  INFO 7740 --- [http-nio-9090-exec-1] o.a.c.c.C.[Tomcat].[localhost].[/]       : Initializing Spring DispatcherServlet 'dispatcherServlet'
2022-05-25 16:27:28.733  INFO 7740 --- [http-nio-9090-exec-1] o.s.web.servlet.DispatcherServlet        : Initializing Servlet 'dispatcherServlet'
2022-05-25 16:27:28.740  INFO 7740 --- [http-nio-9090-exec-1] o.s.web.servlet.DispatcherServlet        : Completed initialization in 6 ms
2022-05-25 16:27:28.899  INFO 7740 --- [http-nio-9090-exec-1] c.e.demo.controller.LoggingController    : This is an INFO message.
2022-05-25 16:27:28.901  WARN 7740 --- [http-nio-9090-exec-1] c.e.demo.controller.LoggingController    : This is a WARN message.
2022-05-25 16:27:28.902 ERROR 7740 --- [http-nio-9090-exec-1] c.e.demo.controller.LoggingController    : You guessed it, an ERROR message.
2022-05-25 16:27:28.903 ERROR 7740 --- [http-nio-9090-exec-1] c.e.demo.controller.LoggingController    : fatal.
2022-05-25 16:29:03.129  INFO 25604 --- [main] com.example.demo.DemoApplication         : Starting DemoApplication using Java 15.0.2 on BRILAP2927 with PID 25604 (C:\Users\dharmendra.sharma\OneDrive - Brillio\Documents\LoggingDemo\LogsDemo\demo\build\classes\java\main started by Dharmendra.Sharma in C:\Users\dharmendra.sharma\OneDrive - Brillio\Documents\LoggingDemo\LogsDemo\demo)
2022-05-25 16:29:03.134  INFO 25604 --- [main] com.example.demo.DemoApplication         : No active profile set, falling back to 1 default profile: "default"
2022-05-25 16:29:10.146  INFO 25604 --- [main] o.s.b.w.embedded.tomcat.TomcatWebServer  : Tomcat initialized with port(s): 9090 (http)
2022-05-25 16:29:10.197  INFO 25604 --- [main] o.apache.catalina.core.StandardService   : Starting service [Tomcat]
2022-05-25 16:29:10.199  INFO 25604 --- [main] org.apache.catalina.core.StandardEngine  : Starting Servlet engine: [Apache Tomcat/9.0.63]
2022-05-25 16:29:10.977  INFO 25604 --- [main] o.a.c.c.C.[Tomcat].[localhost].[/]       : Initializing Spring embedded WebApplicationContext
2022-05-25 16:29:10.978  INFO 25604 --- [main] w.s.c.ServletWebServerApplicationContext : Root WebApplicationContext: initialization completed in 7742 ms
2022-05-25 16:29:14.479  INFO 25604 --- [main] o.s.b.w.embedded.tomcat.TomcatWebServer  : Tomcat started on port(s): 9090 (http) with context path ''
2022-05-25 16:29:14.630  INFO 25604 --- [main] com.example.demo.DemoApplication         : Started DemoApplication in 12.352 seconds (JVM running for 12.914)
2022-05-25 16:31:00.768  INFO 15728 --- [main] com.example.demo.DemoApplication         : Starting DemoApplication using Java 15.0.2 on BRILAP2927 with PID 15728 (C:\Users\dharmendra.sharma\OneDrive - Brillio\Documents\LoggingDemo\LogsDemo\demo\build\classes\java\main started by Dharmendra.Sharma in C:\Users\dharmendra.sharma\OneDrive - Brillio\Documents\LoggingDemo\LogsDemo\demo)
2022-05-25 16:31:00.787  INFO 15728 --- [main] com.example.demo.DemoApplication         : No active profile set, falling back to 1 default profile: "default"
2022-05-25 16:31:08.264  INFO 15728 --- [main] o.s.b.w.embedded.tomcat.TomcatWebServer  : Tomcat initialized with port(s): 9090 (http)
2022-05-25 16:31:08.319  INFO 15728 --- [main] o.apache.catalina.core.StandardService   : Starting service [Tomcat]
2022-05-25 16:31:08.322  INFO 15728 --- [main] org.apache.catalina.core.StandardEngine  : Starting Servlet engine: [Apache Tomcat/9.0.63]
2022-05-25 16:31:09.047  INFO 15728 --- [main] o.a.c.c.C.[Tomcat].[localhost].[/]       : Initializing Spring embedded WebApplicationContext
2022-05-25 16:31:09.048  INFO 15728 --- [main] w.s.c.ServletWebServerApplicationContext : Root WebApplicationContext: initialization completed in 7764 ms
2022-05-25 16:31:12.721  INFO 15728 --- [main] o.s.b.w.embedded.tomcat.TomcatWebServer  : Tomcat started on port(s): 9090 (http) with context path ''
2022-05-25 16:31:12.810  INFO 15728 --- [main] com.example.demo.DemoApplication         : Started DemoApplication in 13.937 seconds (JVM running for 17.06)
INFO  25 May 2022 - 16:32:00.000 [main] com.example.demo.DemoApplication --- Starting DemoApplication using Java 15.0.2 on BRILAP2927 with PID 23092 (C:\Users\dharmendra.sharma\OneDrive - Brillio\Documents\LoggingDemo\LogsDemo\demo\build\classes\java\main started by Dharmendra.Sharma in C:\Users\dharmendra.sharma\OneDrive - Brillio\Documents\LoggingDemo\LogsDemo\demo)
INFO  25 May 2022 - 16:32:00.000 [main] com.example.demo.DemoApplication --- No active profile set, falling back to 1 default profile: "default"
INFO  25 May 2022 - 16:32:08.008 [main] o.s.b.w.e.tomcat.TomcatWebServer --- Tomcat initialized with port(s): 9090 (http)
INFO  25 May 2022 - 16:32:08.008 [main] o.a.catalina.core.StandardService --- Starting service [Tomcat]
INFO  25 May 2022 - 16:32:08.008 [main] o.a.catalina.core.StandardEngine --- Starting Servlet engine: [Apache Tomcat/9.0.63]
INFO  25 May 2022 - 16:32:09.009 [main] o.a.c.c.C.[Tomcat].[localhost].[/] --- Initializing Spring embedded WebApplicationContext
INFO  25 May 2022 - 16:32:09.009 [main] o.s.b.w.s.c.ServletWebServerApplicationContext --- Root WebApplicationContext: initialization completed in 8543 ms
INFO  25 May 2022 - 16:32:11.011 [main] o.s.b.w.e.tomcat.TomcatWebServer --- Tomcat started on port(s): 9090 (http) with context path ''
INFO  25 May 2022 - 16:32:11.011 [main] com.example.demo.DemoApplication --- Started DemoApplication in 13.561 seconds (JVM running for 14.961)
INFO  25 May 2022 - 16:36:36.036 [main] com.example.demo.DemoApplication --- Starting DemoApplication using Java 15.0.2 on BRILAP2927 with PID 23232 (C:\Users\dharmendra.sharma\OneDrive - Brillio\Documents\LoggingDemo\LogsDemo\demo\build\classes\java\main started by Dharmendra.Sharma in C:\Users\dharmendra.sharma\OneDrive - Brillio\Documents\LoggingDemo\LogsDemo\demo)
INFO  25 May 2022 - 16:36:36.036 [main] com.example.demo.DemoApplication --- No active profile set, falling back to 1 default profile: "default"
INFO  25 May 2022 - 16:36:43.043 [main] o.s.b.w.e.tomcat.TomcatWebServer --- Tomcat initialized with port(s): 9090 (http)
INFO  25 May 2022 - 16:36:43.043 [main] o.a.catalina.core.StandardService --- Starting service [Tomcat]
INFO  25 May 2022 - 16:36:43.043 [main] o.a.catalina.core.StandardEngine --- Starting Servlet engine: [Apache Tomcat/9.0.63]
INFO  25 May 2022 - 16:36:44.044 [main] o.a.c.c.C.[Tomcat].[localhost].[/] --- Initializing Spring embedded WebApplicationContext
INFO  25 May 2022 - 16:36:44.044 [main] o.s.b.w.s.c.ServletWebServerApplicationContext --- Root WebApplicationContext: initialization completed in 8056 ms
INFO  25 May 2022 - 16:36:48.048 [main] o.s.b.w.e.tomcat.TomcatWebServer --- Tomcat started on port(s): 9090 (http) with context path ''
INFO  25 May 2022 - 16:36:48.048 [main] com.example.demo.DemoApplication --- Started DemoApplication in 16.19 seconds (JVM running for 21.212)
